<?xml version="1.0" encoding="UTF-8"?>
<testsuite name="RectangleTest" tests="2" skipped="0" failures="0" errors="0" timestamp="2020-12-15T14:12:43" hostname="LTTECH2007" time="0.003">
  <properties/>
  <testcase name="area_returnsTheAreaOfTheRectangle_450" classname="RectangleTest" time="0.002"/>
  <testcase name="all_returnsAllInstancesOfRectangle_true" classname="RectangleTest" time="0.0"/>
  <system-out><![CDATA[]]></system-out>
  <system-err><![CDATA[]]></system-err>
</testsuite>
